<?xml version="1.0" encoding="UTF-8"?>
<!-- Generated by org.testng.reporters.JUnitReportReporter -->
<testsuite skipped="0" hostname="Sachins-Air.blr-office.geekyants.com" name="com.qa.base.TestBase" tests="1" failures="0" timestamp="19 Sep 2018 11:12:10 GMT" time="0.883" errors="0">
  <testcase name="excelReader" time="0.883" classname="com.qa.base.TestBase"/>
</testsuite> <!-- com.qa.base.TestBase -->
