<?xml version="1.0" encoding="UTF-8"?>
<!-- Generated by org.testng.reporters.JUnitReportReporter -->
<testsuite skipped="0" hostname="Sachins-MacBook-Air.local" name="com.qa.tests.Assignment4Test" tests="1" failures="0" timestamp="19 Sep 2018 15:52:02 GMT" time="36.550" errors="0">
  <testcase name="searchText" time="36.550" classname="com.qa.tests.Assignment4Test"/>
</testsuite> <!-- com.qa.tests.Assignment4Test -->
