<?xml version="1.0" encoding="UTF-8"?>
<!-- Generated by org.testng.reporters.JUnitReportReporter -->
<testsuite skipped="0" hostname="Sachins-Air.blr-office.geekyants.com" name="com.qa.tests.Assignment3Test" tests="3" failures="0" timestamp="19 Sep 2018 05:12:40 GMT" time="49.820" errors="0">
  <testcase name="keywordIdentifier" time="14.908" classname="com.qa.tests.Assignment3Test"/>
  <testcase name="sentimentAnalyzer" time="12.010" classname="com.qa.tests.Assignment3Test"/>
  <testcase name="summaryAnalyzer" time="22.902" classname="com.qa.tests.Assignment3Test"/>
</testsuite> <!-- com.qa.tests.Assignment3Test -->
